\BOOKMARK [1][-]{section.1}{\376\377\000I\000n\000t\000r\000o\000d\000u\000c\000t\000i\000o\000n}{}% 1
\BOOKMARK [1][-]{section.2}{\376\377\000T\000h\000e\000\040\000p\000r\000o\000c\000e\000s\000s\000o\000r}{}% 2
\BOOKMARK [2][-]{subsection.2.1}{\376\377\000R\000e\000g\000i\000s\000t\000e\000r\000s}{section.2}% 3
\BOOKMARK [2][-]{subsection.2.2}{\376\377\000A\000L\000U}{section.2}% 4
\BOOKMARK [2][-]{subsection.2.3}{\376\377\000P\000C}{section.2}% 5
\BOOKMARK [2][-]{subsection.2.4}{\376\377\000I\000n\000s\000t\000r\000u\000c\000t\000i\000o\000n\000\040\000D\000e\000c\000o\000d\000e\000r}{section.2}% 6
\BOOKMARK [2][-]{subsection.2.5}{\376\377\000C\000o\000n\000t\000r\000o\000l\000\040\000U\000n\000i\000t}{section.2}% 7
\BOOKMARK [2][-]{subsection.2.6}{\376\377\000T\000r\000a\000p\000\040\000h\000a\000n\000d\000l\000i\000n\000g}{section.2}% 8
\BOOKMARK [2][-]{subsection.2.7}{\376\377\000A\000d\000d\000r\000e\000s\000s\000\040\000D\000e\000c\000o\000d\000e\000r\000\040\000a\000n\000d\000\040\000D\000a\000t\000a\000\040\000R\000o\000u\000t\000e\000r}{section.2}% 9
\BOOKMARK [2][-]{subsection.2.8}{\376\377\000I\000n\000s\000t\000r\000u\000c\000t\000i\000o\000n\000\040\000R\000o\000u\000t\000e\000r}{section.2}% 10
\BOOKMARK [2][-]{subsection.2.9}{\376\377\000C\000o\000n\000t\000r\000o\000l\000\040\000a\000n\000d\000\040\000S\000t\000a\000t\000u\000s\000\040\000r\000e\000g\000i\000s\000t\000e\000r\000s}{section.2}% 11
\BOOKMARK [2][-]{subsection.2.10}{\376\377\000L\000o\000c\000a\000l\000\040\000I\000n\000t\000e\000r\000r\000u\000p\000t\000\040\000C\000o\000n\000t\000r\000o\000l\000l\000e\000r}{section.2}% 12
\BOOKMARK [2][-]{subsection.2.11}{\376\377\000M\000u\000l\000t\000i\000p\000l\000y\000/\000D\000i\000v\000i\000d\000e\000\040\000U\000n\000i\000t}{section.2}% 13
\BOOKMARK [2][-]{subsection.2.12}{\376\377\000S\000t\000a\000c\000k\000\040\000p\000o\000i\000n\000t\000e\000r}{section.2}% 14
\BOOKMARK [2][-]{subsection.2.13}{\376\377\000R\000O\000M}{section.2}% 15
\BOOKMARK [2][-]{subsection.2.14}{\376\377\000B\000o\000o\000l\000o\000a\000d\000e\000r\000\040\000R\000O\000M}{section.2}% 16
\BOOKMARK [2][-]{subsection.2.15}{\376\377\000R\000A\000M}{section.2}% 17
\BOOKMARK [2][-]{subsection.2.16}{\376\377\000I\000/\000O}{section.2}% 18
\BOOKMARK [2][-]{subsection.2.17}{\376\377\000I\000m\000p\000l\000e\000m\000e\000n\000t\000e\000d\000\040\000i\000n\000s\000t\000r\000u\000c\000t\000i\000o\000n\000s}{section.2}% 19
\BOOKMARK [1][-]{section.3}{\376\377\000T\000h\000e\000\040\000F\000P\000G\000A}{}% 20
\BOOKMARK [1][-]{section.4}{\376\377\000P\000r\000o\000c\000e\000s\000s\000o\000r\000\040\000h\000a\000r\000d\000w\000a\000r\000e}{}% 21
\BOOKMARK [2][-]{subsection.4.1}{\376\377\000P\000i\000n\000\040\000a\000s\000s\000i\000g\000n\000m\000e\000n\000t\000s}{section.4}% 22
\BOOKMARK [2][-]{subsection.4.2}{\376\377\000S\000i\000m\000u\000l\000a\000t\000i\000o\000n}{section.4}% 23
\BOOKMARK [2][-]{subsection.4.3}{\376\377\000C\000u\000s\000t\000o\000m\000i\000z\000i\000n\000g\000\040\000t\000h\000e\000\040\000d\000e\000s\000i\000g\000n}{section.4}% 24
\BOOKMARK [1][-]{section.5}{\376\377\000C\000l\000o\000n\000i\000n\000g\000\040\000t\000h\000e\000\040\000R\000I\000S\000C\000-\000V\000\040\000p\000r\000o\000j\000e\000c\000t}{}% 25
\BOOKMARK [1][-]{section.6}{\376\377\000S\000e\000t\000t\000i\000n\000g\000\040\000u\000p\000\040\000t\000h\000e\000\040\000G\000N\000U\000\040\000C\000\040\000c\000o\000m\000p\000i\000l\000e\000r\000\040\000f\000o\000r\000\040\000t\000h\000i\000s\000\040\000R\000I\000S\000C\000-\000V}{}% 26
\BOOKMARK [2][-]{subsection.6.1}{\376\377\000R\000e\000g\000i\000s\000t\000e\000r\000\040\000s\000u\000b\000s\000e\000t}{section.6}% 27
\BOOKMARK [1][-]{section.7}{\376\377\000C\000o\000m\000p\000i\000l\000i\000n\000g\000\040\000a\000\040\000C\000\040\000p\000r\000o\000g\000r\000a\000m\000\040\000b\000y\000\040\000h\000a\000n\000d}{}% 28
\BOOKMARK [1][-]{section.8}{\376\377\000I\000m\000p\000l\000e\000m\000e\000n\000t\000e\000d\000\040\000s\000y\000s\000t\000e\000m\000\040\000c\000a\000l\000l\000s}{}% 29
\BOOKMARK [1][-]{section.9}{\376\377\000U\000s\000i\000n\000g\000\040\000t\000r\000a\000p\000\040\000h\000a\000n\000d\000l\000e\000r\000s\000\040\000i\000n\000\040\000s\000o\000f\000t\000w\000a\000r\000e}{}% 30
\BOOKMARK [1][-]{section.10}{\376\377\000S\000o\000f\000t\000w\000a\000r\000e\000\040\000p\000r\000o\000g\000r\000a\000m\000s}{}% 31
\BOOKMARK [2][-]{subsection.10.1}{\376\377\000s\000r\000e\000c\0002\000v\000h\000d\000l}{section.10}% 32
\BOOKMARK [1][-]{section.11}{\376\377\000A\000d\000d\000r\000e\000s\000s\000\040\000r\000a\000n\000g\000e\000s\000\040\000a\000n\000d\000\040\000m\000e\000m\000o\000r\000y\000\040\000s\000i\000z\000e\000s}{}% 33
\BOOKMARK [1][-]{section.12}{\376\377\000U\000s\000i\000n\000g\000\040\000t\000h\000e\000\040\000b\000o\000o\000t\000l\000o\000a\000d\000e\000r}{}% 34
\BOOKMARK [2][-]{subsection.12.1}{\376\377\000S\000-\000r\000e\000c\000o\000r\000d\000\040\000f\000i\000l\000e}{section.12}% 35
\BOOKMARK [2][-]{subsection.12.2}{\376\377\000S\000t\000a\000r\000t\000u\000p\000\040\000s\000e\000q\000u\000e\000n\000c\000e}{section.12}% 36
\BOOKMARK [2][-]{subsection.12.3}{\376\377\000U\000p\000l\000o\000a\000d\000i\000n\000g\000\040\000a\000n\000\040\000S\000-\000r\000e\000c\000o\000r\000d\000\040\000f\000i\000l\000e}{section.12}% 37
\BOOKMARK [2][-]{subsection.12.4}{\376\377\000U\000s\000i\000n\000g\000\040\000t\000h\000e\000\040\000m\000o\000n\000i\000t\000o\000r}{section.12}% 38
\BOOKMARK [2][-]{subsection.12.5}{\376\377\000U\000p\000l\000o\000a\000d\000\040\000p\000r\000o\000t\000o\000c\000o\000l}{section.12}% 39
\BOOKMARK [2][-]{subsection.12.6}{\376\377\000I\000m\000p\000l\000i\000c\000a\000t\000i\000o\000n\000s\000\040\000o\000n\000\040\000t\000h\000e\000\040\000h\000a\000r\000d\000w\000a\000r\000e\000\040\000d\000e\000s\000i\000g\000n}{section.12}% 40
\BOOKMARK [1][-]{section.13}{\376\377\000F\000u\000t\000u\000r\000e\000\040\000p\000l\000a\000n\000s\000\040\000\050\000o\000r\000\040\000n\000o\000t\000\051\000\040\000a\000n\000d\000\040\000i\000s\000s\000u\000e\000s}{}% 41
\BOOKMARK [1][-]{appendix.A}{\376\377\000C\000\040\000R\000u\000n\000t\000i\000m\000e\000\040\000s\000t\000a\000r\000t\000u\000p\000\040\000c\000o\000d\000e}{}% 42
\BOOKMARK [1][-]{appendix.B}{\376\377\000T\000h\000e\000\040\000I\000/\000O\000\040\000a\000t\000\040\000a\000\040\000g\000l\000a\000n\000c\000e}{}% 43
\BOOKMARK [1][-]{appendix.C}{\376\377\000P\000o\000r\000t\000\040\000I\000/\000O}{}% 44
\BOOKMARK [1][-]{appendix.D}{\376\377\000U\000A\000R\000T\0001\000\040\000C\000o\000d\000e}{}% 45
\BOOKMARK [1][-]{appendix.E}{\376\377\000I\0002\000C\000\040\000c\000o\000d\000e}{}% 46
\BOOKMARK [1][-]{appendix.F}{\376\377\000T\000I\000M\000E\000R\0001\000\040\000c\000o\000d\000e}{}% 47
\BOOKMARK [1][-]{appendix.G}{\376\377\000T\000h\000e\000\040\000e\000x\000t\000e\000r\000n\000a\000l\000\040\000t\000i\000m\000e\000\040\000r\000e\000g\000i\000s\000t\000e\000r\000s}{}% 48
\BOOKMARK [1][-]{appendix.H}{\376\377\000I\000/\000O\000\040\000r\000e\000g\000i\000s\000t\000e\000r\000s}{}% 49
\BOOKMARK [2][-]{subsection.H.1}{\376\377\000G\000P\000I\000O\000A\000\040\040\023\000\040\000G\000e\000n\000e\000r\000a\000l\000\040\000P\000u\000r\000p\000o\000s\000e\000\040\000I\000/\000O}{appendix.H}% 50
\BOOKMARK [2][-]{subsection.H.2}{\376\377\000U\000A\000R\000T\0001\000\040\040\023\000\040\000U\000n\000i\000v\000e\000r\000s\000a\000l\000\040\000A\000s\000y\000n\000c\000h\000r\000o\000n\000o\000u\000s\000\040\000R\000e\000c\000e\000i\000v\000e\000r\000/\000T\000r\000a\000n\000s\000m\000i\000t\000t\000e\000r}{appendix.H}% 51
\BOOKMARK [2][-]{subsection.H.3}{\376\377\000I\0002\000C\0001\000\040\040\023\000\040\000I\000n\000t\000e\000r\000-\000I\000n\000t\000e\000g\000r\000a\000t\000e\000d\000\040\000C\000i\000r\000c\000u\000i\000t\000\040\000m\000a\000s\000t\000e\000r\000-\000o\000n\000l\000y\000\040\000c\000o\000n\000t\000r\000o\000l\000l\000e\000r}{appendix.H}% 52
\BOOKMARK [2][-]{subsection.H.4}{\376\377\000I\0002\000C\0002\000\040\040\023\000\040\000I\000n\000t\000e\000r\000-\000I\000n\000t\000e\000g\000r\000a\000t\000e\000d\000\040\000C\000i\000r\000c\000u\000i\000t\000\040\000m\000a\000s\000t\000e\000r\000-\000o\000n\000l\000y\000\040\000c\000o\000n\000t\000r\000o\000l\000l\000e\000r}{appendix.H}% 53
\BOOKMARK [2][-]{subsection.H.5}{\376\377\000S\000P\000I\0001\000\040\040\023\000\040\000S\000e\000r\000i\000a\000l\000\040\000P\000e\000r\000i\000p\000h\000e\000r\000a\000l\000\040\000I\000n\000t\000e\000r\000f\000a\000c\000e}{appendix.H}% 54
\BOOKMARK [2][-]{subsection.H.6}{\376\377\000S\000P\000I\0002\000\040\040\023\000\040\000S\000e\000r\000i\000a\000l\000\040\000P\000e\000r\000i\000p\000h\000e\000r\000a\000l\000\040\000I\000n\000t\000e\000r\000f\000a\000c\000e}{appendix.H}% 55
\BOOKMARK [2][-]{subsection.H.7}{\376\377\000T\000I\000M\000E\000R\0001\000\040\040\023\000\040\000a\000\040\000s\000i\000m\000p\000l\000e\000\040\000t\000i\000m\000e\000r}{appendix.H}% 56
\BOOKMARK [2][-]{subsection.H.8}{\376\377\000T\000I\000M\000E\000R\0002\000\040\040\023\000\040\000a\000\040\000m\000o\000r\000e\000\040\000e\000l\000a\000b\000o\000r\000a\000t\000e\000\040\000t\000i\000m\000e\000r}{appendix.H}% 57
\BOOKMARK [2][-]{subsection.H.9}{\376\377\000T\000I\000M\000E\000\040\040\023\000\040\000R\000I\000S\000C\000-\000V\000\040\000s\000y\000s\000t\000e\000m\000\040\000t\000i\000m\000e\000r}{appendix.H}% 58
